{"C:\\Projects\\chat-app-mern\\backend\\src\\config\\config.ts": {"path":"C:\\Projects\\chat-app-mern\\backend\\src\\config\\config.ts","statementMap":{"0":{"start":{"line":1,"column":0},"end":{"line":1,"column":28}},"1":{"start":{"line":4,"column":0},"end":{"line":4,"column":16}},"2":{"start":{"line":6,"column":13},"end":{"line":6,"column":66}},"3":{"start":{"line":7,"column":13},"end":{"line":7,"column":52}},"4":{"start":{"line":9,"column":19},"end":{"line":9,"column":47}},"5":{"start":{"line":10,"column":23},"end":{"line":10,"column":55}},"6":{"start":{"line":11,"column":18},"end":{"line":11,"column":45}},"7":{"start":{"line":12,"column":23},"end":{"line":12,"column":55}},"8":{"start":{"line":13,"column":47},"end":{"line":13,"column":104}},"9":{"start":{"line":15,"column":24},"end":{"line":15,"column":66}},"10":{"start":{"line":16,"column":20},"end":{"line":16,"column":84}},"11":{"start":{"line":18,"column":13},"end":{"line":18,"column":55}},"12":{"start":{"line":20,"column":13},"end":{"line":27,"column":2}},"13":{"start":{"line":29,"column":13},"end":{"line":32,"column":2}}},"fnMap":{},"branchMap":{"0":{"loc":{"start":{"line":9,"column":19},"end":{"line":9,"column":47}},"type":"binary-expr","locations":[{"start":{"line":9,"column":19},"end":{"line":9,"column":41}},{"start":{"line":9,"column":45},"end":{"line":9,"column":47}}]},"1":{"loc":{"start":{"line":10,"column":23},"end":{"line":10,"column":55}},"type":"binary-expr","locations":[{"start":{"line":10,"column":23},"end":{"line":10,"column":49}},{"start":{"line":10,"column":53},"end":{"line":10,"column":55}}]},"2":{"loc":{"start":{"line":11,"column":18},"end":{"line":11,"column":45}},"type":"binary-expr","locations":[{"start":{"line":11,"column":18},"end":{"line":11,"column":39}},{"start":{"line":11,"column":43},"end":{"line":11,"column":45}}]},"3":{"loc":{"start":{"line":12,"column":23},"end":{"line":12,"column":55}},"type":"binary-expr","locations":[{"start":{"line":12,"column":23},"end":{"line":12,"column":49}},{"start":{"line":12,"column":53},"end":{"line":12,"column":55}}]},"4":{"loc":{"start":{"line":15,"column":24},"end":{"line":15,"column":66}},"type":"binary-expr","locations":[{"start":{"line":15,"column":24},"end":{"line":15,"column":51}},{"start":{"line":15,"column":55},"end":{"line":15,"column":66}}]},"5":{"loc":{"start":{"line":16,"column":20},"end":{"line":16,"column":84}},"type":"cond-expr","locations":[{"start":{"line":16,"column":46},"end":{"line":16,"column":77}},{"start":{"line":16,"column":80},"end":{"line":16,"column":84}}]},"6":{"loc":{"start":{"line":18,"column":26},"end":{"line":18,"column":54}},"type":"binary-expr","locations":[{"start":{"line":18,"column":26},"end":{"line":18,"column":48}},{"start":{"line":18,"column":52},"end":{"line":18,"column":54}}]}},"s":{"0":1,"1":1,"2":1,"3":1,"4":1,"5":1,"6":1,"7":1,"8":1,"9":1,"10":1,"11":1,"12":1,"13":1},"f":{},"b":{"0":[1,0],"1":[1,0],"2":[1,0],"3":[1,0],"4":[1,0],"5":[1,0],"6":[1,0]}}
,"C:\\Projects\\chat-app-mern\\backend\\src\\controllers\\auth.controller.ts": {"path":"C:\\Projects\\chat-app-mern\\backend\\src\\controllers\\auth.controller.ts","statementMap":{"0":{"start":{"line":3,"column":0},"end":{"line":3,"column":40}},"1":{"start":{"line":4,"column":0},"end":{"line":4,"column":64}},"2":{"start":{"line":5,"column":0},"end":{"line":5,"column":54}},"3":{"start":{"line":6,"column":0},"end":{"line":6,"column":64}},"4":{"start":{"line":7,"column":0},"end":{"line":7,"column":94}},"5":{"start":{"line":8,"column":0},"end":{"line":8,"column":50}},"6":{"start":{"line":9,"column":0},"end":{"line":9,"column":47}},"7":{"start":{"line":12,"column":0},"end":{"line":95,"column":null}},"8":{"start":{"line":16,"column":8},"end":{"line":48,"column":9}},"9":{"start":{"line":17,"column":43},"end":{"line":17,"column":51}},"10":{"start":{"line":20,"column":33},"end":{"line":20,"column":78}},"11":{"start":{"line":21,"column":12},"end":{"line":24,"column":13}},"12":{"start":{"line":23,"column":16},"end":{"line":23,"column":64}},"13":{"start":{"line":26,"column":28},"end":{"line":27,"column":null}},"14":{"start":{"line":31,"column":26},"end":{"line":31,"column":53}},"15":{"start":{"line":33,"column":12},"end":{"line":33,"column":33}},"16":{"start":{"line":35,"column":12},"end":{"line":45,"column":15}},"17":{"start":{"line":47,"column":12},"end":{"line":47,"column":24}},"18":{"start":{"line":53,"column":8},"end":{"line":80,"column":9}},"19":{"start":{"line":54,"column":42},"end":{"line":54,"column":50}},"20":{"start":{"line":56,"column":25},"end":{"line":56,"column":90}},"21":{"start":{"line":58,"column":12},"end":{"line":58,"column":30}},"22":{"start":{"line":60,"column":12},"end":{"line":62,"column":13}},"23":{"start":{"line":61,"column":16},"end":{"line":61,"column":70}},"24":{"start":{"line":65,"column":26},"end":{"line":65,"column":50}},"25":{"start":{"line":67,"column":12},"end":{"line":77,"column":15}},"26":{"start":{"line":79,"column":12},"end":{"line":79,"column":24}},"27":{"start":{"line":85,"column":8},"end":{"line":93,"column":9}},"28":{"start":{"line":86,"column":12},"end":{"line":86,"column":49}},"29":{"start":{"line":87,"column":12},"end":{"line":90,"column":15}},"30":{"start":{"line":92,"column":12},"end":{"line":92,"column":24}},"31":{"start":{"line":15,"column":17},"end":{"line":49,"column":null}},"32":{"start":{"line":52,"column":17},"end":{"line":81,"column":null}},"33":{"start":{"line":84,"column":11},"end":{"line":94,"column":null}},"34":{"start":{"line":12,"column":6},"end":{"line":95,"column":null}},"35":{"start":{"line":97,"column":0},"end":{"line":97,"column":30}}},"fnMap":{"0":{"name":"(anonymous_10)","decl":{"start":{"line":15,"column":17},"end":{"line":15,"column":23}},"loc":{"start":{"line":15,"column":93},"end":{"line":49,"column":null}}},"1":{"name":"(anonymous_12)","decl":{"start":{"line":52,"column":17},"end":{"line":52,"column":22}},"loc":{"start":{"line":52,"column":91},"end":{"line":81,"column":null}}},"2":{"name":"(anonymous_14)","decl":{"start":{"line":84,"column":11},"end":{"line":84,"column":17}},"loc":{"start":{"line":84,"column":65},"end":{"line":94,"column":5}}}},"branchMap":{"0":{"loc":{"start":{"line":21,"column":12},"end":{"line":24,"column":13}},"type":"if","locations":[{"start":{"line":21,"column":12},"end":{"line":24,"column":13}}]},"1":{"loc":{"start":{"line":60,"column":12},"end":{"line":62,"column":13}},"type":"if","locations":[{"start":{"line":60,"column":12},"end":{"line":62,"column":13}}]},"2":{"loc":{"start":{"line":60,"column":16},"end":{"line":60,"column":88}},"type":"binary-expr","locations":[{"start":{"line":60,"column":16},"end":{"line":60,"column":21}},{"start":{"line":60,"column":25},"end":{"line":60,"column":88}}]},"3":{"loc":{"start":{"line":69,"column":36},"end":{"line":69,"column":50}},"type":"cond-expr","locations":[{"start":{"line":69,"column":40},"end":{"line":69,"column":42}},{"start":{"line":69,"column":36},"end":{"line":69,"column":50}}]},"4":{"loc":{"start":{"line":69,"column":36},"end":{"line":69,"column":42}},"type":"binary-expr","locations":[{"start":{"line":69,"column":36},"end":{"line":69,"column":42}},{"start":{"line":69,"column":36},"end":{"line":69,"column":42}}]}},"s":{"0":1,"1":1,"2":1,"3":1,"4":1,"5":1,"6":1,"7":1,"8":2,"9":2,"10":2,"11":2,"12":1,"13":1,"14":1,"15":1,"16":1,"17":1,"18":0,"19":0,"20":0,"21":0,"22":0,"23":0,"24":0,"25":0,"26":0,"27":0,"28":0,"29":0,"30":0,"31":1,"32":1,"33":1,"34":1,"35":1},"f":{"0":2,"1":0,"2":0},"b":{"0":[1],"1":[0],"2":[0,0],"3":[0,0],"4":[0,0]}}
,"C:\\Projects\\chat-app-mern\\backend\\src\\decorators\\controller.decorator.ts": {"path":"C:\\Projects\\chat-app-mern\\backend\\src\\decorators\\controller.decorator.ts","statementMap":{"0":{"start":{"line":16,"column":0},"end":{"line":16,"column":16}},"1":{"start":{"line":17,"column":4},"end":{"line":19,"column":6}},"2":{"start":{"line":18,"column":8},"end":{"line":18,"column":63}}},"fnMap":{"0":{"name":"Controller","decl":{"start":{"line":16,"column":16},"end":{"line":16,"column":26}},"loc":{"start":{"line":16,"column":49},"end":{"line":20,"column":1}}},"1":{"name":"(anonymous_1)","decl":{"start":{"line":17,"column":11},"end":{"line":17,"column":12}},"loc":{"start":{"line":17,"column":27},"end":{"line":19,"column":5}}}},"branchMap":{"0":{"loc":{"start":{"line":16,"column":27},"end":{"line":16,"column":49}},"type":"default-arg","locations":[{"start":{"line":16,"column":47},"end":{"line":16,"column":49}}]}},"s":{"0":1,"1":1,"2":1},"f":{"0":1,"1":1},"b":{"0":[0]}}
,"C:\\Projects\\chat-app-mern\\backend\\src\\decorators\\route.decorator.ts": {"path":"C:\\Projects\\chat-app-mern\\backend\\src\\decorators\\route.decorator.ts","statementMap":{"0":{"start":{"line":35,"column":0},"end":{"line":35,"column":16}},"1":{"start":{"line":36,"column":4},"end":{"line":47,"column":6}},"2":{"start":{"line":37,"column":26},"end":{"line":37,"column":30}},"3":{"start":{"line":38,"column":45},"end":{"line":38,"column":102}},"4":{"start":{"line":40,"column":8},"end":{"line":42,"column":9}},"5":{"start":{"line":41,"column":12},"end":{"line":41,"column":49}},"6":{"start":{"line":44,"column":8},"end":{"line":44,"column":85}},"7":{"start":{"line":46,"column":8},"end":{"line":46,"column":71}}},"fnMap":{"0":{"name":"Route","decl":{"start":{"line":35,"column":16},"end":{"line":35,"column":21}},"loc":{"start":{"line":35,"column":95},"end":{"line":48,"column":1}}},"1":{"name":"(anonymous_1)","decl":{"start":{"line":36,"column":11},"end":{"line":36,"column":12}},"loc":{"start":{"line":36,"column":89},"end":{"line":47,"column":5}}}},"branchMap":{"0":{"loc":{"start":{"line":35,"column":45},"end":{"line":35,"column":62}},"type":"default-arg","locations":[{"start":{"line":35,"column":60},"end":{"line":35,"column":62}}]},"1":{"loc":{"start":{"line":38,"column":45},"end":{"line":38,"column":102}},"type":"binary-expr","locations":[{"start":{"line":38,"column":45},"end":{"line":38,"column":89}},{"start":{"line":38,"column":93},"end":{"line":38,"column":102}}]},"2":{"loc":{"start":{"line":40,"column":8},"end":{"line":42,"column":9}},"type":"if","locations":[{"start":{"line":40,"column":8},"end":{"line":42,"column":9}}]},"3":{"loc":{"start":{"line":44,"column":8},"end":{"line":44,"column":84}},"type":"cond-expr","locations":[{"start":{"line":44,"column":33},"end":{"line":44,"column":35}},{"start":{"line":44,"column":33},"end":{"line":44,"column":84}}]},"4":{"loc":{"start":{"line":44,"column":8},"end":{"line":44,"column":35}},"type":"binary-expr","locations":[{"start":{"line":44,"column":8},"end":{"line":44,"column":35}},{"start":{"line":44,"column":33},"end":{"line":44,"column":35}}]}},"s":{"0":1,"1":3,"2":3,"3":3,"4":3,"5":1,"6":3,"7":3},"f":{"0":3,"1":3},"b":{"0":[0],"1":[3,1],"2":[1],"3":[0,3],"4":[3,3]}}
,"C:\\Projects\\chat-app-mern\\backend\\src\\middlewares\\validation.middleware.ts": {"path":"C:\\Projects\\chat-app-mern\\backend\\src\\middlewares\\validation.middleware.ts","statementMap":{"0":{"start":{"line":9,"column":0},"end":{"line":9,"column":16}},"1":{"start":{"line":10,"column":4},"end":{"line":19,"column":6}},"2":{"start":{"line":11,"column":23},"end":{"line":11,"column":49}},"3":{"start":{"line":13,"column":8},"end":{"line":16,"column":9}},"4":{"start":{"line":14,"column":12},"end":{"line":14,"column":49}},"5":{"start":{"line":15,"column":12},"end":{"line":15,"column":68}},"6":{"start":{"line":18,"column":8},"end":{"line":18,"column":15}}},"fnMap":{"0":{"name":"validate","decl":{"start":{"line":9,"column":16},"end":{"line":9,"column":24}},"loc":{"start":{"line":9,"column":42},"end":{"line":20,"column":1}}},"1":{"name":"(anonymous_1)","decl":{"start":{"line":10,"column":11},"end":{"line":10,"column":21}},"loc":{"start":{"line":10,"column":68},"end":{"line":19,"column":5}}}},"branchMap":{"0":{"loc":{"start":{"line":13,"column":8},"end":{"line":16,"column":9}},"type":"if","locations":[{"start":{"line":13,"column":8},"end":{"line":16,"column":9}}]}},"s":{"0":1,"1":2,"2":0,"3":0,"4":0,"5":0,"6":0},"f":{"0":2,"1":0},"b":{"0":[0]}}
,"C:\\Projects\\chat-app-mern\\backend\\src\\models\\user.model.ts": {"path":"C:\\Projects\\chat-app-mern\\backend\\src\\models\\user.model.ts","statementMap":{"0":{"start":{"line":1,"column":0},"end":{"line":1,"column":54}},"1":{"start":{"line":2,"column":0},"end":{"line":2,"column":30}},"2":{"start":{"line":14,"column":42},"end":{"line":36,"column":null}},"3":{"start":{"line":40,"column":0},"end":{"line":50,"column":3}},"4":{"start":{"line":41,"column":4},"end":{"line":41,"column":52}},"5":{"start":{"line":41,"column":38},"end":{"line":41,"column":52}},"6":{"start":{"line":43,"column":4},"end":{"line":49,"column":5}},"7":{"start":{"line":44,"column":21},"end":{"line":44,"column":45}},"8":{"start":{"line":45,"column":8},"end":{"line":45,"column":63}},"9":{"start":{"line":46,"column":8},"end":{"line":46,"column":15}},"10":{"start":{"line":48,"column":8},"end":{"line":48,"column":20}},"11":{"start":{"line":52,"column":0},"end":{"line":54,"column":2}},"12":{"start":{"line":53,"column":4},"end":{"line":53,"column":60}},"13":{"start":{"line":56,"column":13},"end":{"line":56,"column":62}},"14":{"start":{"line":58,"column":0},"end":{"line":58,"column":20}}},"fnMap":{"0":{"name":"(anonymous_17)","decl":{"start":{"line":40,"column":23},"end":{"line":40,"column":39}},"loc":{"start":{"line":40,"column":43},"end":{"line":50,"column":2}}},"1":{"name":"(anonymous_19)","decl":{"start":{"line":52,"column":37},"end":{"line":52,"column":53}},"loc":{"start":{"line":52,"column":78},"end":{"line":54,"column":2}}}},"branchMap":{"0":{"loc":{"start":{"line":41,"column":4},"end":{"line":41,"column":52}},"type":"if","locations":[{"start":{"line":41,"column":4},"end":{"line":41,"column":52}}]}},"s":{"0":1,"1":1,"2":1,"3":1,"4":0,"5":0,"6":0,"7":0,"8":0,"9":0,"10":0,"11":1,"12":0,"13":1,"14":1},"f":{"0":0,"1":0},"b":{"0":[0]}}
,"C:\\Projects\\chat-app-mern\\backend\\src\\schemas\\user.schema.ts": {"path":"C:\\Projects\\chat-app-mern\\backend\\src\\schemas\\user.schema.ts","statementMap":{"0":{"start":{"line":1,"column":0},"end":{"line":1,"column":24}},"1":{"start":{"line":3,"column":13},"end":{"line":8,"column":3}},"2":{"start":{"line":10,"column":13},"end":{"line":13,"column":3}},"3":{"start":{"line":15,"column":13},"end":{"line":19,"column":3}}},"fnMap":{},"branchMap":{},"s":{"0":1,"1":1,"2":1,"3":1},"f":{},"b":{}}
,"C:\\Projects\\chat-app-mern\\backend\\src\\utils\\error.util.ts": {"path":"C:\\Projects\\chat-app-mern\\backend\\src\\utils\\error.util.ts","statementMap":{"0":{"start":{"line":7,"column":8},"end":{"line":7,"column":23}},"1":{"start":{"line":8,"column":8},"end":{"line":8,"column":37}},"2":{"start":{"line":9,"column":8},"end":{"line":9,"column":43}},"3":{"start":{"line":10,"column":8},"end":{"line":10,"column":25}},"4":{"start":{"line":13,"column":8},"end":{"line":13,"column":56}},"5":{"start":{"line":16,"column":8},"end":{"line":16,"column":56}},"6":{"start":{"line":21,"column":8},"end":{"line":21,"column":54}},"7":{"start":{"line":25,"column":8},"end":{"line":25,"column":42}},"8":{"start":{"line":29,"column":8},"end":{"line":29,"column":42}},"9":{"start":{"line":33,"column":8},"end":{"line":33,"column":42}},"10":{"start":{"line":37,"column":8},"end":{"line":37,"column":42}},"11":{"start":{"line":41,"column":8},"end":{"line":41,"column":42}},"12":{"start":{"line":45,"column":8},"end":{"line":45,"column":49}},"13":{"start":{"line":49,"column":8},"end":{"line":49,"column":49}},"14":{"start":{"line":1,"column":0},"end":{"line":1,"column":13}}},"fnMap":{"0":{"name":"(anonymous_0)","decl":{"start":{"line":6,"column":4},"end":{"line":6,"column":16}},"loc":{"start":{"line":6,"column":88},"end":{"line":17,"column":5}}},"1":{"name":"(anonymous_1)","decl":{"start":{"line":20,"column":4},"end":{"line":20,"column":10}},"loc":{"start":{"line":20,"column":73},"end":{"line":22,"column":5}}},"2":{"name":"(anonymous_2)","decl":{"start":{"line":24,"column":4},"end":{"line":24,"column":10}},"loc":{"start":{"line":24,"column":61},"end":{"line":26,"column":5}}},"3":{"name":"(anonymous_3)","decl":{"start":{"line":28,"column":4},"end":{"line":28,"column":10}},"loc":{"start":{"line":28,"column":55},"end":{"line":30,"column":5}}},"4":{"name":"(anonymous_4)","decl":{"start":{"line":32,"column":4},"end":{"line":32,"column":10}},"loc":{"start":{"line":32,"column":63},"end":{"line":34,"column":5}}},"5":{"name":"(anonymous_5)","decl":{"start":{"line":36,"column":4},"end":{"line":36,"column":10}},"loc":{"start":{"line":36,"column":68},"end":{"line":38,"column":5}}},"6":{"name":"(anonymous_6)","decl":{"start":{"line":40,"column":4},"end":{"line":40,"column":10}},"loc":{"start":{"line":40,"column":64},"end":{"line":42,"column":5}}},"7":{"name":"(anonymous_7)","decl":{"start":{"line":44,"column":4},"end":{"line":44,"column":10}},"loc":{"start":{"line":44,"column":72},"end":{"line":46,"column":5}}},"8":{"name":"(anonymous_8)","decl":{"start":{"line":48,"column":4},"end":{"line":48,"column":10}},"loc":{"start":{"line":48,"column":59},"end":{"line":50,"column":5}}}},"branchMap":{"0":{"loc":{"start":{"line":6,"column":53},"end":{"line":6,"column":73}},"type":"default-arg","locations":[{"start":{"line":6,"column":69},"end":{"line":6,"column":73}}]},"1":{"loc":{"start":{"line":20,"column":27},"end":{"line":20,"column":58}},"type":"default-arg","locations":[{"start":{"line":20,"column":45},"end":{"line":20,"column":58}}]},"2":{"loc":{"start":{"line":24,"column":29},"end":{"line":24,"column":61}},"type":"default-arg","locations":[{"start":{"line":24,"column":47},"end":{"line":24,"column":61}}]},"3":{"loc":{"start":{"line":28,"column":26},"end":{"line":28,"column":55}},"type":"default-arg","locations":[{"start":{"line":28,"column":44},"end":{"line":28,"column":55}}]},"4":{"loc":{"start":{"line":32,"column":25},"end":{"line":32,"column":63}},"type":"default-arg","locations":[{"start":{"line":32,"column":43},"end":{"line":32,"column":63}}]},"5":{"loc":{"start":{"line":36,"column":25},"end":{"line":36,"column":68}},"type":"default-arg","locations":[{"start":{"line":36,"column":43},"end":{"line":36,"column":68}}]},"6":{"loc":{"start":{"line":40,"column":27},"end":{"line":40,"column":64}},"type":"default-arg","locations":[{"start":{"line":40,"column":45},"end":{"line":40,"column":64}}]},"7":{"loc":{"start":{"line":44,"column":31},"end":{"line":44,"column":72}},"type":"default-arg","locations":[{"start":{"line":44,"column":49},"end":{"line":44,"column":72}}]},"8":{"loc":{"start":{"line":48,"column":25},"end":{"line":48,"column":59}},"type":"default-arg","locations":[{"start":{"line":48,"column":43},"end":{"line":48,"column":59}}]}},"s":{"0":2,"1":2,"2":2,"3":2,"4":2,"5":2,"6":0,"7":0,"8":0,"9":0,"10":0,"11":0,"12":0,"13":0,"14":1},"f":{"0":2,"1":0,"2":0,"3":0,"4":0,"5":0,"6":0,"7":0,"8":0},"b":{"0":[2],"1":[0],"2":[0],"3":[0],"4":[0],"5":[0],"6":[0],"7":[0],"8":[0]}}
,"C:\\Projects\\chat-app-mern\\backend\\src\\utils\\jwt.util.ts": {"path":"C:\\Projects\\chat-app-mern\\backend\\src\\utils\\jwt.util.ts","statementMap":{"0":{"start":{"line":1,"column":0},"end":{"line":1,"column":31}},"1":{"start":{"line":3,"column":0},"end":{"line":3,"column":46}},"2":{"start":{"line":5,"column":29},"end":{"line":18,"column":1}},"3":{"start":{"line":6,"column":18},"end":{"line":8,"column":6}},"4":{"start":{"line":10,"column":4},"end":{"line":15,"column":7}},"5":{"start":{"line":17,"column":4},"end":{"line":17,"column":17}},"6":{"start":{"line":5,"column":13},"end":{"line":5,"column":29}},"7":{"start":{"line":20,"column":27},"end":{"line":22,"column":1}},"8":{"start":{"line":21,"column":4},"end":{"line":21,"column":41}},"9":{"start":{"line":20,"column":13},"end":{"line":20,"column":27}}},"fnMap":{"0":{"name":"(anonymous_1)","decl":{"start":{"line":5,"column":29},"end":{"line":5,"column":30}},"loc":{"start":{"line":5,"column":70},"end":{"line":18,"column":1}}},"1":{"name":"(anonymous_2)","decl":{"start":{"line":20,"column":27},"end":{"line":20,"column":28}},"loc":{"start":{"line":20,"column":50},"end":{"line":22,"column":1}}}},"branchMap":{},"s":{"0":1,"1":1,"2":1,"3":0,"4":0,"5":0,"6":1,"7":1,"8":0,"9":1},"f":{"0":0,"1":0},"b":{}}
}
