TN:
SF:src\config\config.ts
FNF:0
FNH:0
DA:1,1
DA:4,1
DA:6,1
DA:7,1
DA:9,1
DA:10,1
DA:11,1
DA:12,1
DA:13,1
DA:15,1
DA:16,1
DA:18,1
DA:20,1
DA:29,1
LF:14
LH:14
BRDA:9,0,0,1
BRDA:9,0,1,0
BRDA:10,1,0,1
BRDA:10,1,1,0
BRDA:11,2,0,1
BRDA:11,2,1,0
BRDA:12,3,0,1
BRDA:12,3,1,0
BRDA:15,4,0,1
BRDA:15,4,1,0
BRDA:16,5,0,1
BRDA:16,5,1,0
BRDA:18,6,0,1
BRDA:18,6,1,0
BRF:14
BRH:7
end_of_record
TN:
SF:src\controllers\auth.controller.ts
FN:15,(anonymous_10)
FN:52,(anonymous_12)
FN:84,(anonymous_14)
FNF:3
FNH:1
FNDA:2,(anonymous_10)
FNDA:0,(anonymous_12)
FNDA:0,(anonymous_14)
DA:3,1
DA:4,1
DA:5,1
DA:6,1
DA:7,1
DA:8,1
DA:9,1
DA:12,1
DA:15,1
DA:16,2
DA:17,2
DA:20,2
DA:21,2
DA:23,1
DA:26,1
DA:31,1
DA:33,1
DA:35,1
DA:47,1
DA:52,1
DA:53,0
DA:54,0
DA:56,0
DA:58,0
DA:60,0
DA:61,0
DA:65,0
DA:67,0
DA:79,0
DA:84,1
DA:85,0
DA:86,0
DA:87,0
DA:92,0
DA:97,1
LF:35
LH:22
BRDA:21,0,0,1
BRDA:60,1,0,0
BRDA:60,2,0,0
BRDA:60,2,1,0
BRDA:69,3,0,0
BRDA:69,3,1,0
BRDA:69,4,0,0
BRDA:69,4,1,0
BRF:8
BRH:1
end_of_record
TN:
SF:src\decorators\controller.decorator.ts
FN:16,Controller
FN:17,(anonymous_1)
FNF:2
FNH:2
FNDA:1,Controller
FNDA:1,(anonymous_1)
DA:16,1
DA:17,1
DA:18,1
LF:3
LH:3
BRDA:16,0,0,0
BRF:1
BRH:0
end_of_record
TN:
SF:src\decorators\route.decorator.ts
FN:35,Route
FN:36,(anonymous_1)
FNF:2
FNH:2
FNDA:3,Route
FNDA:3,(anonymous_1)
DA:35,1
DA:36,3
DA:37,3
DA:38,3
DA:40,3
DA:41,1
DA:44,3
DA:46,3
LF:8
LH:8
BRDA:35,0,0,0
BRDA:38,1,0,3
BRDA:38,1,1,1
BRDA:40,2,0,1
BRDA:44,3,0,0
BRDA:44,3,1,3
BRDA:44,4,0,3
BRDA:44,4,1,3
BRF:8
BRH:6
end_of_record
TN:
SF:src\middlewares\validation.middleware.ts
FN:9,validate
FN:10,(anonymous_1)
FNF:2
FNH:1
FNDA:2,validate
FNDA:0,(anonymous_1)
DA:9,1
DA:10,2
DA:11,0
DA:13,0
DA:14,0
DA:15,0
DA:18,0
LF:7
LH:2
BRDA:13,0,0,0
BRF:1
BRH:0
end_of_record
TN:
SF:src\models\user.model.ts
FN:40,(anonymous_17)
FN:52,(anonymous_19)
FNF:2
FNH:0
FNDA:0,(anonymous_17)
FNDA:0,(anonymous_19)
DA:1,1
DA:2,1
DA:14,1
DA:40,1
DA:41,0
DA:43,0
DA:44,0
DA:45,0
DA:46,0
DA:48,0
DA:52,1
DA:53,0
DA:56,1
DA:58,1
LF:14
LH:7
BRDA:41,0,0,0
BRF:1
BRH:0
end_of_record
TN:
SF:src\schemas\user.schema.ts
FNF:0
FNH:0
DA:1,1
DA:3,1
DA:10,1
DA:15,1
LF:4
LH:4
BRF:0
BRH:0
end_of_record
TN:
SF:src\utils\error.util.ts
FN:6,(anonymous_0)
FN:20,(anonymous_1)
FN:24,(anonymous_2)
FN:28,(anonymous_3)
FN:32,(anonymous_4)
FN:36,(anonymous_5)
FN:40,(anonymous_6)
FN:44,(anonymous_7)
FN:48,(anonymous_8)
FNF:9
FNH:1
FNDA:2,(anonymous_0)
FNDA:0,(anonymous_1)
FNDA:0,(anonymous_2)
FNDA:0,(anonymous_3)
FNDA:0,(anonymous_4)
FNDA:0,(anonymous_5)
FNDA:0,(anonymous_6)
FNDA:0,(anonymous_7)
FNDA:0,(anonymous_8)
DA:1,1
DA:7,2
DA:8,2
DA:9,2
DA:10,2
DA:13,2
DA:16,2
DA:21,0
DA:25,0
DA:29,0
DA:33,0
DA:37,0
DA:41,0
DA:45,0
DA:49,0
LF:15
LH:7
BRDA:6,0,0,2
BRDA:20,1,0,0
BRDA:24,2,0,0
BRDA:28,3,0,0
BRDA:32,4,0,0
BRDA:36,5,0,0
BRDA:40,6,0,0
BRDA:44,7,0,0
BRDA:48,8,0,0
BRF:9
BRH:1
end_of_record
TN:
SF:src\utils\jwt.util.ts
FN:5,(anonymous_1)
FN:20,(anonymous_2)
FNF:2
FNH:0
FNDA:0,(anonymous_1)
FNDA:0,(anonymous_2)
DA:1,1
DA:3,1
DA:5,1
DA:6,0
DA:10,0
DA:17,0
DA:20,1
DA:21,0
LF:8
LH:4
BRF:0
BRH:0
end_of_record
